     32.00,      3.00,     64.00,    128.00,     11.00,      1.00,     29.74,     48.78,     21.95	
     64.00,      3.00,     64.00,    128.00,     11.00,      1.00,     39.01,     71.31,     43.03	
     96.00,      3.00,     64.00,    128.00,     11.00,      1.00,     90.19,    147.72,     63.12	
    128.00,      3.00,     64.00,    128.00,     11.00,      1.00,     48.98,    124.93,     85.66	
    160.00,      3.00,     64.00,    128.00,     11.00,      1.00,    148.38,    241.92,    107.92	
    192.00,      3.00,     64.00,    128.00,     11.00,      1.00,    117.05,    213.52,    130.44	
    224.00,      3.00,     64.00,    128.00,     11.00,      1.00,    207.63,    339.94,    149.75	
    256.00,      3.00,     64.00,    128.00,     11.00,      1.00,     97.57,    248.19,    172.45	
    288.00,      3.00,     64.00,    128.00,     11.00,      1.00,    266.94,    436.76,    191.97	
    320.00,      3.00,     64.00,    128.00,     11.00,      1.00,    192.86,    351.08,    213.50	
    352.00,      3.00,     64.00,    128.00,     11.00,      1.00,    330.59,    541.38,    237.67	
    384.00,      3.00,     64.00,    128.00,     11.00,      1.00,    144.81,    365.89,    255.49	
    416.00,      3.00,     64.00,    128.00,     11.00,      1.00,    385.66,    630.18,    276.16	
    448.00,      3.00,     64.00,    128.00,     11.00,      1.00,    274.09,    499.96,    303.09	
    480.00,      3.00,     64.00,    128.00,     11.00,      1.00,    451.98,    738.50,    325.17	
    512.00,      3.00,     64.00,    128.00,     11.00,      1.00,    194.08,    490.17,    340.51	
     64.00,      3.00,     64.00,     32.00,     11.00,      1.00,      1.51,      3.87,      1.63	
     64.00,      3.00,     64.00,     48.00,     11.00,      1.00,      4.15,      8.24,      4.60	
     64.00,      3.00,     64.00,     64.00,     11.00,      1.00,      8.29,     15.51,      9.11	
     64.00,      3.00,     64.00,     80.00,     11.00,      1.00,     13.80,     25.45,     15.09	
     64.00,      3.00,     64.00,     96.00,     11.00,      1.00,     20.50,     37.41,     22.57	
     64.00,      3.00,     64.00,    112.00,     11.00,      1.00,     29.21,     53.40,     32.15	
     64.00,      3.00,     64.00,    128.00,     11.00,      1.00,     38.56,     70.29,     42.55	
     64.00,      3.00,     64.00,    144.00,     11.00,      1.00,     49.69,     90.61,     54.69	
     64.00,      3.00,     64.00,    160.00,     11.00,      1.00,     62.30,    113.46,     68.16	
     64.00,      3.00,     64.00,    176.00,     11.00,      1.00,     76.22,    139.19,     83.34	
     64.00,      3.00,     64.00,    192.00,     11.00,      1.00,     93.06,    169.83,    104.24	
     64.00,      3.00,     64.00,    208.00,     11.00,      1.00,    108.32,    197.69,    121.34	
     64.00,      3.00,     64.00,    224.00,     11.00,      1.00,    126.73,    230.85,    141.96	
     64.00,      3.00,     64.00,    240.00,     11.00,      1.00,    146.39,    266.17,    163.85	
     64.00,      3.00,     64.00,    256.00,     11.00,      1.00,    169.80,    309.07,    189.87	
     64.00,      3.00,     32.00,    128.00,     11.00,      1.00,     20.41,     35.08,     28.54	
     64.00,      3.00,     64.00,    128.00,     11.00,      1.00,     39.09,     71.44,     43.07	
     64.00,      3.00,     96.00,    128.00,     11.00,      1.00,     61.22,    105.79,     64.24	
     64.00,      3.00,    128.00,    128.00,     11.00,      1.00,     76.92,    141.62,     84.45	
     64.00,      3.00,    192.00,    128.00,     11.00,      1.00,    115.39,    213.02,    130.52	
     64.00,      3.00,    256.00,    128.00,     11.00,      1.00,    156.12,    289.25,    176.47	
     64.00,      3.00,     64.00,    128.00,      1.00,      1.00,      4.97,      3.77,     12.33	
     64.00,      3.00,     64.00,    128.00,      2.00,      1.00,      5.04,      6.48,     12.12	
     64.00,      3.00,     64.00,    128.00,      3.00,      1.00,      7.25,     10.63,     12.16	
     64.00,      3.00,     64.00,    128.00,      4.00,      1.00,      8.72,     15.83,     12.23	
     64.00,      3.00,     64.00,    128.00,      5.00,      1.00,     12.12,     21.33,     12.93	
     64.00,      3.00,     64.00,    128.00,      6.00,      1.00,     14.73,     27.96,     22.50	
     64.00,      3.00,     64.00,    128.00,      7.00,      1.00,     19.31,     35.29,     23.14	
     64.00,      3.00,     64.00,    128.00,      8.00,      1.00,     22.82,     43.44,     23.82	
     64.00,      3.00,     64.00,    128.00,      9.00,      1.00,     28.30,     52.34,     33.12	
     64.00,      3.00,     64.00,    128.00,     10.00,      1.00,     32.29,     60.60,     42.07	
     64.00,      3.00,     64.00,    128.00,     11.00,      1.00,     39.09,     71.42,     43.14	
     64.00,      3.00,     64.00,    128.00,     12.00,      1.00,     44.24,     81.60,     51.13	
     64.00,      3.00,     64.00,    128.00,     13.00,      1.00,     50.45,     91.36,     59.50	
     64.00,      3.00,     64.00,    128.00,     14.00,      1.00,     56.31,    102.48,     68.19	
     64.00,      3.00,     64.00,    128.00,     15.00,      1.00,     63.77,    113.93,     76.16	
     64.00,      3.00,     64.00,    128.00,     16.00,      1.00,     71.16,    127.77,     77.97	
     64.00,      3.00,     64.00,    128.00,     17.00,      1.00,     78.97,    140.18,     92.75	
     64.00,      3.00,     64.00,    128.00,     18.00,      1.00,     84.91,    150.42,     99.53	
     64.00,      3.00,     64.00,    128.00,     19.00,      1.00,     94.85,    165.81,    108.54	
     64.00,      3.00,     64.00,    128.00,     20.00,      1.00,    102.01,    179.17,    115.30	
     64.00,      3.00,     64.00,    128.00,     21.00,      1.00,    108.93,    189.84,    120.99	
     64.00,      3.00,     64.00,    128.00,     22.00,      1.00,    116.64,    202.97,    134.22	
     64.00,      3.00,     64.00,    128.00,     23.00,      1.00,    127.56,    219.72,    142.69	
     64.00,      3.00,     64.00,    128.00,     24.00,      1.00,    133.05,    229.92,    146.87	
     64.00,      3.00,     64.00,    128.00,     25.00,      1.00,    142.35,    243.82,    158.47	
     64.00,      3.00,     64.00,    128.00,     26.00,      1.00,    152.44,    261.29,    174.17	
     64.00,      3.00,     64.00,    128.00,     27.00,      1.00,    159.00,    270.62,    176.93	
     64.00,      3.00,     64.00,    128.00,     28.00,      1.00,    169.73,    288.75,    189.64	
     64.00,      3.00,     64.00,    128.00,     29.00,      1.00,    178.78,    302.69,    199.35	
     64.00,      3.00,     64.00,    128.00,     30.00,      1.00,    187.02,    316.31,    211.35	
     64.00,      3.00,     64.00,    128.00,     31.00,      1.00,    196.65,    330.41,    222.59	
     64.00,      3.00,     64.00,    128.00,     32.00,      1.00,    201.26,    338.58,    222.62	
     64.00,      3.00,     64.00,    128.00,     33.00,      1.00,    214.35,    358.00,    239.44	
     64.00,      3.00,     64.00,    128.00,     34.00,      1.00,    221.08,    370.14,    248.88	
ccn2.SpatialConvolution            :accGradParameters(): FAILED!	
     64.00,      3.00,     64.00,    128.00,     35.00,      1.00,    227.20,    377.04,     -1.00	
ccn2.SpatialConvolution            :accGradParameters(): FAILED!	
     64.00,      3.00,     64.00,    128.00,     36.00,      1.00,    234.11,    389.05,     -1.00	
ccn2.SpatialConvolution            :accGradParameters(): FAILED!	
     64.00,      3.00,     64.00,    128.00,     37.00,      1.00,    242.34,    401.49,     -1.00	
ccn2.SpatialConvolution            :accGradParameters(): FAILED!	
     64.00,      3.00,     64.00,    128.00,     38.00,      1.00,    253.18,    419.93,     -1.00	
ccn2.SpatialConvolution            :accGradParameters(): FAILED!	
     64.00,      3.00,     64.00,    128.00,     39.00,      1.00,    258.05,    424.86,     -1.00	
ccn2.SpatialConvolution            :accGradParameters(): FAILED!	
     64.00,      3.00,     64.00,    128.00,     40.00,      1.00,    264.46,    435.91,     -1.00	
ccn2.SpatialConvolution            :accGradParameters(): FAILED!	
     64.00,      3.00,     64.00,    128.00,     41.00,      1.00,    272.89,    447.77,     -1.00	
ccn2.SpatialConvolution            :accGradParameters(): FAILED!	
     64.00,      3.00,     64.00,    128.00,     42.00,      1.00,    279.16,    457.91,     -1.00	
ccn2.SpatialConvolution            :accGradParameters(): FAILED!	
     64.00,      3.00,     64.00,    128.00,     43.00,      1.00,    286.38,    467.81,     -1.00	
ccn2.SpatialConvolution            :accGradParameters(): FAILED!	
     64.00,      3.00,     64.00,    128.00,     44.00,      1.00,    296.53,    485.77,     -1.00	
ccn2.SpatialConvolution            :accGradParameters(): FAILED!	
     64.00,      3.00,     64.00,    128.00,     45.00,      1.00,    299.08,    487.80,     -1.00	
ccn2.SpatialConvolution            :accGradParameters(): FAILED!	
     64.00,      3.00,     64.00,    128.00,     46.00,      1.00,    310.03,    504.46,     -1.00	
ccn2.SpatialConvolution            :accGradParameters(): FAILED!	
     64.00,      3.00,     64.00,    128.00,     47.00,      1.00,    311.23,    505.42,     -1.00	
ccn2.SpatialConvolution            :accGradParameters(): FAILED!	
     64.00,      3.00,     64.00,    128.00,     48.00,      1.00,    316.37,    513.45,     -1.00	
ccn2.SpatialConvolution            :accGradParameters(): FAILED!	
     64.00,      3.00,     64.00,    128.00,     49.00,      1.00,    322.97,    521.90,     -1.00	
ccn2.SpatialConvolution            :accGradParameters(): FAILED!	
     64.00,      3.00,     64.00,    128.00,     50.00,      1.00,    331.71,    537.36,     -1.00	
     64.00,      3.00,     64.00,    128.00,     11.00,      1.00,     38.58,     70.38,     42.14	
     64.00,      3.00,     64.00,    128.00,     11.00,      2.00,     10.21,     18.29,     11.34	
     64.00,      3.00,     64.00,    128.00,     11.00,      3.00,      4.56,      8.11,      5.28	
     64.00,      3.00,     64.00,    128.00,     11.00,      4.00,      2.84,      4.29,      3.20	
     64.00,      3.00,     64.00,    128.00,     11.00,      5.00,      1.89,      3.15,      2.16	
     64.00,      3.00,     64.00,    128.00,     11.00,      6.00,      1.37,      2.27,      1.60	
     64.00,      3.00,     64.00,    128.00,     11.00,      7.00,      1.05,      1.73,      1.22	
     64.00,      3.00,     64.00,    128.00,     11.00,      8.00,      0.82,      1.21,      1.16	
     64.00,      3.00,     64.00,    128.00,     11.00,      9.00,      0.72,      1.08,      0.83	
     64.00,      3.00,     64.00,    128.00,     11.00,     10.00,      0.57,      0.95,      0.83	
     64.00,      3.00,     64.00,    128.00,     11.00,     11.00,      0.52,      0.82,      0.81	
     64.00,      1.00,     64.00,    128.00,     11.00,      1.00,     19.09,     45.69,     26.12	
     64.00,      3.00,     64.00,    128.00,     11.00,      1.00,     39.09,     71.45,     43.05	
ccn2.SpatialConvolution            :accGradParameters(): FAILED!	
     64.00,     32.00,     64.00,    128.00,     11.00,      1.00,    509.65,    592.07,     -1.00	
ccn2.SpatialConvolution            :accGradParameters(): FAILED!	
     64.00,     48.00,     64.00,    128.00,     11.00,      1.00,    765.73,    661.47,     -1.00	
ccn2.SpatialConvolution            :accGradParameters(): FAILED!	
     64.00,     64.00,     64.00,    128.00,     11.00,      1.00,   1021.70,   1083.99,     -1.00	
ccn2.SpatialConvolution            :accGradParameters(): FAILED!	
     64.00,     80.00,     64.00,    128.00,     11.00,      1.00,   1297.28,   1501.21,     -1.00	
ccn2.SpatialConvolution            :accGradParameters(): FAILED!	
     64.00,     96.00,     64.00,    128.00,     11.00,      1.00,   1565.08,   1366.16,     -1.00	
ccn2.SpatialConvolution            :accGradParameters(): FAILED!	
     64.00,    112.00,     64.00,    128.00,     11.00,      1.00,   1795.07,   2074.82,     -1.00	
ccn2.SpatialConvolution            :accGradParameters(): FAILED!	
     64.00,    128.00,     64.00,    128.00,     11.00,      1.00,   2055.82,   2173.66,     -1.00	
ccn2.SpatialConvolution            :accGradParameters(): FAILED!	
     64.00,    144.00,     64.00,    128.00,     11.00,      1.00,   2351.43,   2065.19,     -1.00	
ccn2.SpatialConvolution            :accGradParameters(): FAILED!	
     64.00,    160.00,     64.00,    128.00,     11.00,      1.00,   2609.46,   3033.99,     -1.00	
ccn2.SpatialConvolution            :accGradParameters(): FAILED!	
     64.00,    176.00,     64.00,    128.00,     11.00,      1.00,   2831.23,   3262.77,     -1.00	
ccn2.SpatialConvolution            :accGradParameters(): FAILED!	
     64.00,    192.00,     64.00,    128.00,     11.00,      1.00,   3088.98,   3269.39,     -1.00	
ccn2.SpatialConvolution            :accGradParameters(): FAILED!	
     64.00,    208.00,     64.00,    128.00,     11.00,      1.00,   3397.80,   3921.57,     -1.00	
ccn2.SpatialConvolution            :accGradParameters(): FAILED!	
     64.00,    224.00,     64.00,    128.00,     11.00,      1.00,   3660.20,   4260.89,     -1.00	
ccn2.SpatialConvolution            :accGradParameters(): FAILED!	
     64.00,    240.00,     64.00,    128.00,     11.00,      1.00,   3932.66,   3494.81,     -1.00	
ccn2.SpatialConvolution            :accGradParameters(): FAILED!	
     64.00,    256.00,     64.00,    128.00,     11.00,      1.00,   4196.97,   4439.18,     -1.00	
ccn2.SpatialConvolution            :accGradParameters(): FAILED!	
     64.00,    272.00,     64.00,    128.00,     11.00,      1.00,   4456.84,   5130.88,     -1.00	
ccn2.SpatialConvolution            :accGradParameters(): FAILED!	
     64.00,    288.00,     64.00,    128.00,     11.00,      1.00,   4726.00,   4194.50,     -1.00	
ccn2.SpatialConvolution            :accGradParameters(): FAILED!	
     64.00,    304.00,     64.00,    128.00,     11.00,      1.00,   4909.66,   5640.47,     -1.00	
ccn2.SpatialConvolution            :accGradParameters(): FAILED!	
     64.00,    320.00,     64.00,    128.00,     11.00,      1.00,   5254.89,   5566.00,     -1.00	
