     32.00,      3.00,     64.00,    128.00,     11.00,      1.00,     22.30,     27.47,     40.81	
     64.00,      3.00,     64.00,    128.00,     11.00,      1.00,     44.30,     54.34,     80.77	
     96.00,      3.00,     64.00,    128.00,     11.00,      1.00,     66.15,     81.34,    121.15	
    128.00,      3.00,     64.00,    128.00,     11.00,      1.00,     89.48,    109.60,    163.51	
    160.00,      3.00,     64.00,    128.00,     11.00,      1.00,    110.63,    135.96,    201.50	
    192.00,      3.00,     64.00,    128.00,     11.00,      1.00,    134.99,    165.75,    245.91	
    224.00,      3.00,     64.00,    128.00,     11.00,      1.00,    157.53,    193.06,    286.90	
    256.00,      3.00,     64.00,    128.00,     11.00,      1.00,    178.67,    219.37,    326.13	
    288.00,      3.00,     64.00,    128.00,     11.00,      1.00,    198.91,    243.97,    362.91	
    320.00,      3.00,     64.00,    128.00,     11.00,      1.00,    223.52,    274.54,    408.53	
    352.00,      3.00,     64.00,    128.00,     11.00,      1.00,    243.56,    298.09,    443.82	
    384.00,      3.00,     64.00,    128.00,     11.00,      1.00,    265.51,    325.56,    483.12	
    416.00,      3.00,     64.00,    128.00,     11.00,      1.00,    291.14,    356.31,    530.94	
    448.00,      3.00,     64.00,    128.00,     11.00,      1.00,    313.96,    385.23,    571.64	
    480.00,      3.00,     64.00,    128.00,     11.00,      1.00,    332.11,    406.57,    604.74	
    512.00,      3.00,     64.00,    128.00,     11.00,      1.00,    359.01,    439.40,    654.16	
     64.00,      3.00,     64.00,     32.00,     11.00,      1.00,      8.75,      6.40,     11.29	
     64.00,      3.00,     64.00,     48.00,     11.00,      1.00,     10.43,     10.56,     15.45	
     64.00,      3.00,     64.00,     64.00,     11.00,      1.00,     13.96,     15.15,     21.36	
     64.00,      3.00,     64.00,     80.00,     11.00,      1.00,     17.86,     24.88,     33.34	
     64.00,      3.00,     64.00,     96.00,     11.00,      1.00,     26.31,     30.06,     45.64	
     64.00,      3.00,     64.00,    112.00,     11.00,      1.00,     36.55,     41.25,     64.30	
     64.00,      3.00,     64.00,    128.00,     11.00,      1.00,     44.17,     54.20,     80.68	
     64.00,      3.00,     64.00,    144.00,     11.00,      1.00,     57.87,     65.45,    104.12	
     64.00,      3.00,     64.00,    160.00,     11.00,      1.00,     70.39,     79.23,    126.75	
     64.00,      3.00,     64.00,    176.00,     11.00,      1.00,     86.35,     98.25,    157.16	
     64.00,      3.00,     64.00,    192.00,     11.00,      1.00,    102.21,    117.86,    185.79	
     64.00,      3.00,     64.00,    208.00,     11.00,      1.00,    117.78,    136.22,    214.63	
     64.00,      3.00,     64.00,    224.00,     11.00,      1.00,    138.69,    158.68,    252.31	
     64.00,      3.00,     64.00,    240.00,     11.00,      1.00,    158.38,    179.63,    287.44	
     64.00,      3.00,     64.00,    256.00,     11.00,      1.00,    181.98,    208.52,    332.73	
     64.00,      3.00,     32.00,    128.00,     11.00,      1.00,     43.96,     46.74,     61.00	
     64.00,      3.00,     48.00,    128.00,     11.00,      1.00,     43.82,     50.31,     79.80	
     64.00,      3.00,     64.00,    128.00,     11.00,      1.00,     44.26,     54.33,     80.40	
     64.00,      3.00,     80.00,    128.00,     11.00,      1.00,     72.53,     59.00,    161.92	
     64.00,      3.00,     96.00,    128.00,     11.00,      1.00,     72.79,     63.03,    162.18	
     64.00,      3.00,    112.00,    128.00,     11.00,      1.00,     73.46,     67.17,    162.40	
     64.00,      3.00,    128.00,    128.00,     11.00,      1.00,     61.94,     70.25,    160.83	
     64.00,      3.00,    144.00,    128.00,     11.00,      1.00,     84.96,     75.96,    183.55	
     64.00,      3.00,    160.00,    128.00,     11.00,      1.00,     85.42,     79.83,    183.69	
     64.00,      3.00,    176.00,    128.00,     11.00,      1.00,     85.48,     82.59,    181.49	
     64.00,      3.00,    192.00,    128.00,     11.00,      1.00,     87.87,     87.89,    183.55	
     64.00,      3.00,    208.00,    128.00,     11.00,      1.00,    110.60,     90.75,    205.42	
     64.00,      3.00,    224.00,    128.00,     11.00,      1.00,    111.51,     94.55,    205.61	
     64.00,      3.00,    240.00,    128.00,     11.00,      1.00,    112.15,     98.85,    206.39	
     64.00,      3.00,    256.00,    128.00,     11.00,      1.00,    113.37,    104.32,    209.35	
     64.00,      3.00,    272.00,    128.00,     11.00,      1.00,    136.90,    108.46,    210.40	
     64.00,      3.00,    288.00,    128.00,     11.00,      1.00,    137.53,    112.66,    210.48	
     64.00,      3.00,    304.00,    128.00,     11.00,      1.00,    138.09,    116.88,    210.71	
     64.00,      3.00,    320.00,    128.00,     11.00,      1.00,    138.41,    121.10,    210.83	
     64.00,      3.00,    336.00,    128.00,     11.00,      1.00,    162.36,    125.24,    239.68	
     64.00,      3.00,    352.00,    128.00,     11.00,      1.00,    163.33,    129.41,    240.21	
     64.00,      3.00,    368.00,    128.00,     11.00,      1.00,    162.92,    131.96,    236.49	
     64.00,      3.00,    384.00,    128.00,     11.00,      1.00,    156.86,    136.27,    236.57	
     64.00,      3.00,    400.00,    128.00,     11.00,      1.00,    180.34,    139.80,    267.51	
     64.00,      3.00,    416.00,    128.00,     11.00,      1.00,    180.64,    144.08,    268.16	
     64.00,      3.00,    432.00,    128.00,     11.00,      1.00,    181.39,    148.21,    268.98	
     64.00,      3.00,    448.00,    128.00,     11.00,      1.00,    182.28,    152.12,    269.30	
     64.00,      3.00,    464.00,    128.00,     11.00,      1.00,    204.67,    158.36,    369.44	
     64.00,      3.00,    480.00,    128.00,     11.00,      1.00,    204.47,    159.97,    366.61	
     64.00,      3.00,    496.00,    128.00,     11.00,      1.00,    205.59,    164.15,    366.24	
     64.00,      3.00,    512.00,    128.00,     11.00,      1.00,    206.75,    170.83,    402.10	
     64.00,      3.00,     64.00,    128.00,      1.00,      1.00,     10.38,      8.98,     34.78	
     64.00,      3.00,     64.00,    128.00,      2.00,      1.00,     11.80,     10.12,     35.90	
     64.00,      3.00,     64.00,    128.00,      3.00,      1.00,     13.54,     10.90,     36.36	
     64.00,      3.00,     64.00,    128.00,      4.00,      1.00,     15.25,     12.13,     39.30	
     64.00,      3.00,     64.00,    128.00,      5.00,      1.00,     17.09,     19.70,     42.85	
     64.00,      3.00,     64.00,    128.00,      6.00,      1.00,     20.16,     21.41,     51.98	
     64.00,      3.00,     64.00,    128.00,      7.00,      1.00,     23.90,     26.68,     54.00	
     64.00,      3.00,     64.00,    128.00,      8.00,      1.00,     27.96,     31.05,     55.85	
     64.00,      3.00,     64.00,    128.00,      9.00,      1.00,     32.61,     39.51,     66.19	
     64.00,      3.00,     64.00,    128.00,     10.00,      1.00,     38.21,     47.04,     74.25	
     64.00,      3.00,     64.00,    128.00,     11.00,      1.00,     44.22,     54.21,     80.67	
     64.00,      3.00,     64.00,    128.00,     12.00,      1.00,     51.96,     65.46,    153.35	
     64.00,      3.00,     64.00,    128.00,     13.00,      1.00,     57.23,     70.31,    159.00	
     64.00,      3.00,     64.00,    128.00,     14.00,      1.00,     66.81,     87.20,    161.09	
     64.00,      3.00,     64.00,    128.00,     15.00,      1.00,     75.53,     95.46,    161.56	
     64.00,      3.00,     64.00,    128.00,     16.00,      1.00,     83.88,    110.28,    165.26	
     64.00,      3.00,     64.00,    128.00,     17.00,      1.00,     88.59,    122.13,    162.90	
     64.00,      3.00,     64.00,    128.00,     18.00,      1.00,    101.85,    141.45,    185.25	
     64.00,      3.00,     64.00,    128.00,     19.00,      1.00,    110.37,    150.38,    182.50	
     64.00,      3.00,     64.00,    128.00,     20.00,      1.00,    123.15,    172.61,    186.82	
     64.00,      3.00,     64.00,    128.00,     21.00,      1.00,    131.04,    187.01,    186.41	
     64.00,      3.00,     64.00,    128.00,     22.00,      1.00,    134.11,    206.32,    207.02	
     64.00,      3.00,     64.00,    128.00,     23.00,      1.00,    144.60,    224.49,    207.23	
     64.00,      3.00,     64.00,    128.00,     24.00,      1.00,    157.31,    246.42,    211.23	
     64.00,      3.00,     64.00,    128.00,     25.00,      1.00,    161.54,    266.54,    205.84	
     64.00,      3.00,     64.00,    128.00,     26.00,      1.00,    181.32,    292.26,    234.87	
     64.00,      3.00,     64.00,    128.00,     27.00,      1.00,    194.70,    321.10,    238.46	
     64.00,      3.00,     64.00,    128.00,     28.00,      1.00,    185.87,    344.72,    218.46	
     64.00,      3.00,     64.00,    128.00,     29.00,      1.00,    194.69,    364.60,    235.15	
     64.00,      3.00,     64.00,    128.00,     30.00,      1.00,    211.31,    396.86,    241.24	
     64.00,      3.00,     64.00,    128.00,     31.00,      1.00,    219.50,    428.47,    319.10	
     64.00,      3.00,     64.00,    128.00,     32.00,      1.00,    230.71,    450.72,    319.46	
     64.00,      3.00,     64.00,    128.00,     33.00,      1.00,    242.06,    451.89,    313.93	
     64.00,      3.00,     64.00,    128.00,     34.00,      1.00,    254.18,    485.34,    337.41	
     64.00,      3.00,     64.00,    128.00,     35.00,      1.00,    259.40,    490.38,    343.57	
     64.00,      3.00,     64.00,    128.00,     36.00,      1.00,    281.32,    510.26,    389.69	
     64.00,      3.00,     64.00,    128.00,     37.00,      1.00,    265.23,    515.63,    357.53	
     64.00,      3.00,     64.00,    128.00,     38.00,      1.00,    302.31,    534.43,    388.68	
     64.00,      3.00,     64.00,    128.00,     39.00,      1.00,    300.09,    539.44,    376.69	
     64.00,      3.00,     64.00,    128.00,     40.00,      1.00,    348.49,    549.40,    418.80	
     64.00,      3.00,     64.00,    128.00,     41.00,      1.00,    313.41,    562.08,    370.22	
     64.00,      3.00,     64.00,    128.00,     42.00,      1.00,    400.48,    575.26,    444.50	
     64.00,      3.00,     64.00,    128.00,     43.00,      1.00,    390.59,    590.77,    421.43	
     64.00,      3.00,     64.00,    128.00,     44.00,      1.00,    461.02,    598.60,    530.04	
     64.00,      3.00,     64.00,    128.00,     45.00,      1.00,    381.76,    613.53,    440.63	
     64.00,      3.00,     64.00,    128.00,     46.00,      1.00,    501.07,    651.99,    550.89	
     64.00,      3.00,     64.00,    128.00,     47.00,      1.00,    472.41,    688.33,    515.04	
     64.00,      3.00,     64.00,    128.00,     48.00,      1.00,    540.57,    738.71,    603.62	
     64.00,      3.00,     64.00,    128.00,     49.00,      1.00,    429.26,    753.35,    461.33	
     64.00,      3.00,     64.00,    128.00,     50.00,      1.00,    573.88,    807.93,    614.32	
     64.00,      3.00,     64.00,    128.00,     11.00,      1.00,     44.22,     54.32,     80.72	
     64.00,      3.00,     64.00,    128.00,     11.00,      2.00,     14.86,     16.84,     25.76	
     64.00,      3.00,     64.00,    128.00,     11.00,      3.00,     10.71,     10.54,     16.13	
     64.00,      3.00,     64.00,    128.00,     11.00,      4.00,     10.72,      7.93,     17.23	
     64.00,      3.00,     64.00,    128.00,     11.00,      5.00,     11.22,      4.79,     14.47	
     64.00,      3.00,     64.00,    128.00,     11.00,      6.00,     12.50,      3.73,     14.17	
     64.00,      3.00,     64.00,    128.00,     11.00,      7.00,     12.57,      3.45,     13.24	
     64.00,      3.00,     64.00,    128.00,     11.00,      8.00,     11.58,      3.34,     11.65	
     64.00,      3.00,     64.00,    128.00,     11.00,      9.00,     10.59,      3.29,     10.38	
     64.00,      3.00,     64.00,    128.00,     11.00,     10.00,     10.23,      3.12,      9.50	
     64.00,      3.00,     64.00,    128.00,     11.00,     11.00,     10.50,      2.91,      9.54	
     64.00,      1.00,     64.00,    128.00,     11.00,      1.00,     19.85,     20.09,     48.90	
     64.00,      3.00,     64.00,    128.00,     11.00,      1.00,     44.62,     54.92,     81.60	
     64.00,     32.00,     64.00,    128.00,     11.00,      1.00,    393.50,    509.60,    586.70	
     64.00,     48.00,     64.00,    128.00,     11.00,      1.00,    595.77,    769.12,    782.03	
     64.00,     64.00,     64.00,    128.00,     11.00,      1.00,    791.96,   1018.84,    959.70	
     64.00,     80.00,     64.00,    128.00,     11.00,      1.00,    973.59,   1257.07,   1220.09	
     64.00,     96.00,     64.00,    128.00,     11.00,      1.00,   1168.85,   1506.33,   1412.05	
     64.00,    112.00,     64.00,    128.00,     11.00,      1.00,   1384.48,   1779.67,   1607.05	
     64.00,    128.00,     64.00,    128.00,     11.00,      1.00,   1580.82,   2030.30,   1879.41	
     64.00,    144.00,     64.00,    128.00,     11.00,      1.00,   1750.71,   2261.55,   2056.03	
     64.00,    160.00,     64.00,    128.00,     11.00,      1.00,   1947.01,   2510.27,   2338.28	
     64.00,    176.00,     64.00,    128.00,     11.00,      1.00,   2140.38,   2757.57,   2482.17	
     64.00,    192.00,     64.00,    128.00,     11.00,      1.00,   2371.07,   3052.41,   2821.48	
     64.00,    208.00,     64.00,    128.00,     11.00,      1.00,   2567.66,   3314.47,   3030.13	
     64.00,    224.00,     64.00,    128.00,     11.00,      1.00,   2724.55,   3514.52,   3144.23	
     64.00,    240.00,     64.00,    128.00,     11.00,      1.00,   2961.57,   3834.44,   3470.31	
     64.00,    256.00,     64.00,    128.00,     11.00,      1.00,   3159.02,   4088.57,   3674.25	
     64.00,    272.00,     64.00,    128.00,     11.00,      1.00,   3305.59,   4285.82,   3782.27	
     64.00,    288.00,     64.00,    128.00,     11.00,      1.00,   3556.76,   4605.46,   4112.69	
     64.00,    304.00,     64.00,    128.00,     11.00,      1.00,   3752.01,   4863.69,   4327.42	
     64.00,    320.00,     64.00,    128.00,     11.00,      1.00,   3891.80,   5049.41,   4536.91	
     64.00,    336.00,     64.00,    128.00,     11.00,      1.00,   4150.21,   5389.76,   4751.50	
     64.00,    352.00,     64.00,    128.00,     11.00,      1.00,   4345.77,   5648.49,   5052.31	
     64.00,    368.00,     64.00,    128.00,     11.00,      1.00,   4540.78,   5916.75,   5272.20	
     64.00,    384.00,     64.00,    128.00,     11.00,      1.00,   4739.84,   6162.16,   5423.53	
