     32.00,      3.00,     64.00,    128.00,     11.00,      1.00,     11.60,     11.56,     13.31	
     64.00,      3.00,     64.00,    128.00,     11.00,      1.00,     23.33,     22.09,     25.52	
     96.00,      3.00,     64.00,    128.00,     11.00,      1.00,     33.13,     32.32,     37.18	
    128.00,      3.00,     64.00,    128.00,     11.00,      1.00,     44.13,     42.87,     49.12	
    160.00,      3.00,     64.00,    128.00,     11.00,      1.00,     55.64,     53.71,     61.63	
    192.00,      3.00,     64.00,    128.00,     11.00,      1.00,     65.33,     64.35,     73.69	
    224.00,      3.00,     64.00,    128.00,     11.00,      1.00,     76.70,     74.87,     85.78	
    256.00,      3.00,     64.00,    128.00,     11.00,      1.00,     87.83,     84.67,     96.83	
    288.00,      3.00,     64.00,    128.00,     11.00,      1.00,     97.06,     95.02,    108.75	
    320.00,      3.00,     64.00,    128.00,     11.00,      1.00,    108.70,    105.45,    120.64	
    352.00,      3.00,     64.00,    128.00,     11.00,      1.00,    119.94,    115.67,    132.58	
    384.00,      3.00,     64.00,    128.00,     11.00,      1.00,    129.38,    126.34,    144.52	
    416.00,      3.00,     64.00,    128.00,     11.00,      1.00,    140.43,    136.53,    156.33	
    448.00,      3.00,     64.00,    128.00,     11.00,      1.00,    150.50,    148.75,    169.97	
    480.00,      3.00,     64.00,    128.00,     11.00,      1.00,    162.14,    157.52,    180.23	
    512.00,      3.00,     64.00,    128.00,     11.00,      1.00,    179.89,    168.87,    193.01	
     64.00,      3.00,     64.00,    128.00,     11.00,      1.00,      5.85,      6.19,      6.98	
     64.00,      3.00,     64.00,    128.00,     11.00,      1.00,      8.95,      8.97,     10.35	
     64.00,      3.00,     64.00,    128.00,     11.00,      1.00,     11.82,     12.10,     13.95	
     64.00,      3.00,     64.00,    128.00,     11.00,      1.00,     15.20,     15.35,     17.74	
     64.00,      3.00,     64.00,    128.00,     11.00,      1.00,     17.56,     18.35,     21.13	
     64.00,      3.00,     64.00,    128.00,     11.00,      1.00,     21.95,     21.80,     25.82	
     64.00,      3.00,     64.00,    128.00,     11.00,      1.00,     23.33,     22.09,     25.53	
     64.00,      3.00,     64.00,    128.00,     11.00,      1.00,     26.95,     27.78,     31.95	
     64.00,      3.00,     64.00,    128.00,     11.00,      1.00,     31.11,     32.98,     37.43	
     64.00,      3.00,     64.00,    128.00,     11.00,      1.00,     31.65,     32.87,     37.86	
     64.00,      3.00,     64.00,    128.00,     11.00,      1.00,     32.71,     33.19,     38.67	
     64.00,      3.00,     64.00,    128.00,     11.00,      1.00,     32.89,     32.88,     38.76	
     64.00,      3.00,     64.00,    128.00,     11.00,      1.00,     33.46,     32.88,     39.23	
     64.00,      3.00,     64.00,    128.00,     11.00,      1.00,     34.57,     33.15,     40.02	
     64.00,      3.00,     64.00,    128.00,     11.00,      1.00,     35.18,     33.16,     40.50	
     64.00,      3.00,     32.00,    128.00,     11.00,      1.00,     11.64,     11.87,     14.45	
     64.00,      3.00,     48.00,    128.00,     11.00,      1.00,     18.61,     17.24,     20.10	
     64.00,      3.00,     64.00,    128.00,     11.00,      1.00,     23.41,     22.11,     25.53	
     64.00,      3.00,     80.00,    128.00,     11.00,      1.00,     28.10,     27.31,     31.01	
     64.00,      3.00,     96.00,    128.00,     11.00,      1.00,     33.31,     32.45,     36.71	
     64.00,      3.00,    112.00,    128.00,     11.00,      1.00,     39.43,     37.56,     42.32	
     64.00,      3.00,    128.00,    128.00,     11.00,      1.00,     44.32,     42.26,     50.49	
     64.00,      3.00,    144.00,    128.00,     11.00,      1.00,     51.07,     47.88,     57.04	
     64.00,      3.00,    160.00,    128.00,     11.00,      1.00,     55.94,     52.39,     61.40	
     64.00,      3.00,    176.00,    128.00,     11.00,      1.00,     60.18,     57.52,     66.77	
     64.00,      3.00,    192.00,    128.00,     11.00,      1.00,     66.01,     63.29,     72.92	
     64.00,      3.00,    208.00,    128.00,     11.00,      1.00,     71.70,     67.75,     77.38	
     64.00,      3.00,    224.00,    128.00,     11.00,      1.00,     76.88,     72.80,     82.55	
     64.00,      3.00,    240.00,    128.00,     11.00,      1.00,     83.47,     78.81,     89.00	
     64.00,      3.00,    256.00,    128.00,     11.00,      1.00,     88.62,     83.86,     98.14	
     64.00,      3.00,    272.00,    128.00,     11.00,      1.00,     92.45,     87.95,    102.21	
     64.00,      3.00,    288.00,    128.00,     11.00,      1.00,     97.88,     93.09,    107.82	
     64.00,      3.00,    304.00,    128.00,     11.00,      1.00,    103.98,     98.03,    112.71	
     64.00,      3.00,    320.00,    128.00,     11.00,      1.00,    109.98,    104.24,    119.41	
     64.00,      3.00,    336.00,    128.00,     11.00,      1.00,    115.56,    108.26,    123.26	
     64.00,      3.00,    352.00,    128.00,     11.00,      1.00,    121.00,    113.79,    129.12	
     64.00,      3.00,    368.00,    128.00,     11.00,      1.00,    124.85,    118.91,    137.69	
     64.00,      3.00,    384.00,    128.00,     11.00,      1.00,    130.65,    124.06,    143.45	
     64.00,      3.00,    400.00,    128.00,     11.00,      1.00,    136.71,    129.24,    148.59	
     64.00,      3.00,    416.00,    128.00,     11.00,      1.00,    141.89,    134.15,    153.95	
     64.00,      3.00,    432.00,    128.00,     11.00,      1.00,    146.82,    140.79,    160.94	
     64.00,      3.00,    448.00,    128.00,     11.00,      1.00,    152.06,    146.04,    166.59	
     64.00,      3.00,    464.00,    128.00,     11.00,      1.00,    157.92,    149.65,    169.97	
     64.00,      3.00,    480.00,    128.00,     11.00,      1.00,    163.20,    154.89,    175.68	
     64.00,      3.00,    496.00,    128.00,     11.00,      1.00,    169.11,    159.77,    183.81	
     64.00,      3.00,    512.00,    128.00,     11.00,      1.00,    174.41,    165.51,    190.25	
     64.00,      3.00,     64.00,    128.00,      1.00,      1.00,     22.52,     21.95,     25.77	
     64.00,      3.00,     64.00,    128.00,      2.00,      1.00,     24.12,     21.97,     25.90	
     64.00,      3.00,     64.00,    128.00,      3.00,      1.00,     23.98,     21.96,     25.83	
     64.00,      3.00,     64.00,    128.00,      4.00,      1.00,     23.75,     21.98,     25.76	
     64.00,      3.00,     64.00,    128.00,      5.00,      1.00,     23.69,     21.94,     25.68	
     64.00,      3.00,     64.00,    128.00,      6.00,      1.00,     23.72,     21.99,     25.67	
     64.00,      3.00,     64.00,    128.00,      7.00,      1.00,     23.72,     21.87,     25.48	
     64.00,      3.00,     64.00,    128.00,      8.00,      1.00,     23.69,     22.09,     25.71	
     64.00,      3.00,     64.00,    128.00,      9.00,      1.00,     23.20,     22.06,     25.60	
     64.00,      3.00,     64.00,    128.00,     10.00,      1.00,     23.35,     22.14,     25.62	
     64.00,      3.00,     64.00,    128.00,     11.00,      1.00,     23.26,     21.86,     25.27	
     64.00,      3.00,     64.00,    128.00,     12.00,      1.00,     23.16,     22.09,     25.48	
     64.00,      3.00,     64.00,    128.00,     13.00,      1.00,     22.91,     22.09,     25.37	
     64.00,      3.00,     64.00,    128.00,     14.00,      1.00,     23.21,     22.08,     25.39	
     64.00,      3.00,     64.00,    128.00,     15.00,      1.00,     22.85,     21.86,     25.04	
     64.00,      3.00,     64.00,    128.00,     16.00,      1.00,     22.90,     22.10,     25.27	
     64.00,      3.00,     64.00,    128.00,     17.00,      1.00,     22.16,     21.87,     24.78	
     64.00,      3.00,     64.00,    128.00,     18.00,      1.00,     22.71,     22.09,     25.17	
     64.00,      3.00,     64.00,    128.00,     19.00,      1.00,     22.76,     22.08,     25.08	
     64.00,      3.00,     64.00,    128.00,     20.00,      1.00,     22.57,     22.11,     25.04	
     64.00,      3.00,     64.00,    128.00,     21.00,      1.00,     22.54,     21.86,     24.68	
     64.00,      3.00,     64.00,    128.00,     22.00,      1.00,     22.38,     22.06,     24.90	
     64.00,      3.00,     64.00,    128.00,     23.00,      1.00,     22.37,     22.04,     24.85	
     64.00,      3.00,     64.00,    128.00,     24.00,      1.00,     22.43,     22.08,     24.79	
     64.00,      3.00,     64.00,    128.00,     25.00,      1.00,     22.10,     21.93,     24.41	
     64.00,      3.00,     64.00,    128.00,     26.00,      1.00,     22.09,     22.06,     24.70	
     64.00,      3.00,     64.00,    128.00,     27.00,      1.00,     21.95,     22.05,     24.64	
     64.00,      3.00,     64.00,    128.00,     28.00,      1.00,     22.07,     22.09,     24.63	
     64.00,      3.00,     64.00,    128.00,     29.00,      1.00,     21.87,     22.63,     24.33	
     64.00,      3.00,     64.00,    128.00,     30.00,      1.00,     21.82,     21.87,     24.28	
     64.00,      3.00,     64.00,    128.00,     31.00,      1.00,     21.75,     21.84,     24.22	
     64.00,      3.00,     64.00,    128.00,     32.00,      1.00,     21.71,     22.08,     24.40	
     64.00,      3.00,     64.00,    128.00,     33.00,      1.00,     20.83,     21.95,     24.04	
     64.00,      3.00,     64.00,    128.00,     34.00,      1.00,     21.37,     21.87,     24.11	
     64.00,      3.00,     64.00,    128.00,     35.00,      1.00,     21.50,     22.06,     24.22	
     64.00,      3.00,     64.00,    128.00,     36.00,      1.00,     21.40,     22.07,     24.21	
     64.00,      3.00,     64.00,    128.00,     37.00,      1.00,     21.09,     21.85,     23.90	
     64.00,      3.00,     64.00,    128.00,     38.00,      1.00,     21.16,     21.84,     23.90	
     64.00,      3.00,     64.00,    128.00,     39.00,      1.00,     21.13,     22.04,     24.07	
     64.00,      3.00,     64.00,    128.00,     40.00,      1.00,     21.14,     21.87,     23.81	
     64.00,      3.00,     64.00,    128.00,     41.00,      1.00,     20.90,     21.60,     23.95	
     64.00,      3.00,     64.00,    128.00,     42.00,      1.00,     21.11,     22.07,     23.96	
     64.00,      3.00,     64.00,    128.00,     43.00,      1.00,     21.00,     21.84,     23.69	
     64.00,      3.00,     64.00,    128.00,     44.00,      1.00,     21.14,     22.04,     23.86	
     64.00,      3.00,     64.00,    128.00,     45.00,      1.00,     20.94,     21.82,     23.58	
     64.00,      3.00,     64.00,    128.00,     46.00,      1.00,     20.95,     21.83,     23.53	
     64.00,      3.00,     64.00,    128.00,     47.00,      1.00,     20.87,     21.89,     23.53	
     64.00,      3.00,     64.00,    128.00,     48.00,      1.00,     20.90,     22.08,     23.86	
     64.00,      3.00,     64.00,    128.00,     49.00,      1.00,     20.53,     21.34,     23.57	
     64.00,      3.00,     64.00,    128.00,     50.00,      1.00,     20.88,     22.14,     23.70	
     64.00,      3.00,     64.00,    128.00,     11.00,      1.00,     23.30,     21.85,     25.27	