     32.00,      3.00,     64.00,    128.00,     11.00,      1.00,     14.69,     40.39,     21.99
     64.00,      3.00,     64.00,    128.00,     11.00,      1.00,     28.07,     80.73,     42.13
     96.00,      3.00,     64.00,    128.00,     11.00,      1.00,     41.74,    121.13,     61.84
    128.00,      3.00,     64.00,    128.00,     11.00,      1.00,     55.33,    161.52,     83.92
    160.00,      3.00,     64.00,    128.00,     11.00,      1.00,     69.09,    201.71,    107.93
    192.00,      3.00,     64.00,    128.00,     11.00,      1.00,     82.37,    242.05,    128.77
    224.00,      3.00,     64.00,    128.00,     11.00,      1.00,     96.56,    282.61,    148.82
    256.00,      3.00,     64.00,    128.00,     11.00,      1.00,    109.94,    322.66,    170.51
    288.00,      3.00,     64.00,    128.00,     11.00,      1.00,    124.72,    364.09,    192.81
    320.00,      3.00,     64.00,    128.00,     11.00,      1.00,    137.16,    404.48,    213.95
    352.00,      3.00,     64.00,    128.00,     11.00,      1.00,    150.89,    444.89,    235.30
    384.00,      3.00,     64.00,    128.00,     11.00,      1.00,    164.27,    485.44,    255.88
    416.00,      3.00,     64.00,    128.00,     11.00,      1.00,    178.71,    525.76,    277.37
    448.00,      3.00,     64.00,    128.00,     11.00,      1.00,    191.43,    566.39,    299.24
    480.00,      3.00,     64.00,    128.00,     11.00,      1.00,    447.26,    606.65,    319.74
    512.00,      3.00,     64.00,    128.00,     11.00,      1.00,    475.52,    647.15,    341.96
     64.00,      3.00,     64.00,     32.00,     11.00,      1.00,      1.34,     11.16,      1.65
     64.00,      3.00,     64.00,     48.00,     11.00,      1.00,      5.54,     15.40,      4.56
     64.00,      3.00,     64.00,     64.00,     11.00,      1.00,      7.77,     21.04,      9.09
     64.00,      3.00,     64.00,     80.00,     11.00,      1.00,     21.57,     32.86,     14.96
     64.00,      3.00,     64.00,     96.00,     11.00,      1.00,     24.55,     45.74,     22.60
     64.00,      3.00,     64.00,    112.00,     11.00,      1.00,     25.66,     64.58,     31.65
     64.00,      3.00,     64.00,    128.00,     11.00,      1.00,     28.05,     80.88,     42.25
     64.00,      3.00,     64.00,    144.00,     11.00,      1.00,     78.65,    102.95,     54.32
     64.00,      3.00,     64.00,    160.00,     11.00,      1.00,     97.00,    127.20,     68.54
     64.00,      3.00,     64.00,    176.00,     11.00,      1.00,     99.98,    155.34,     83.31
     64.00,      3.00,     64.00,    192.00,     11.00,      1.00,    102.18,    183.57,    103.12
     64.00,      3.00,     64.00,    208.00,     11.00,      1.00,    105.07,    215.31,    122.18
     64.00,      3.00,     64.00,    224.00,     11.00,      1.00,    108.59,    249.02,    142.67
     64.00,      3.00,     64.00,    240.00,     11.00,      1.00,    110.95,    288.51,    163.78
     64.00,      3.00,     64.00,    256.00,     11.00,      1.00,    113.45,    328.82,    187.20
     64.00,      3.00,     32.00,    128.00,     11.00,      1.00,     16.25,     60.27,     28.60
     64.00,      3.00,     48.00,    128.00,     11.00,      1.00,     22.14,     80.08,     -1.00
     64.00,      3.00,     64.00,    128.00,     11.00,      1.00,     28.00,     80.89,     42.16
     64.00,      3.00,     80.00,    128.00,     11.00,      1.00,     34.04,    159.92,     -1.00
     64.00,      3.00,     96.00,    128.00,     11.00,      1.00,     40.02,    160.09,     63.95
     64.00,      3.00,    112.00,    128.00,     11.00,      1.00,     46.14,    160.07,     -1.00
     64.00,      3.00,    128.00,    128.00,     11.00,      1.00,     52.30,    161.16,     84.44
     64.00,      3.00,    144.00,    128.00,     11.00,      1.00,     58.49,    180.87,     -1.00
     64.00,      3.00,    160.00,    128.00,     11.00,      1.00,     64.53,    181.47,     -1.00
     64.00,      3.00,    176.00,    128.00,     11.00,      1.00,     70.74,    181.61,     -1.00
     64.00,      3.00,    192.00,    128.00,     11.00,      1.00,     77.11,    181.05,    131.21
     64.00,      3.00,    208.00,    128.00,     11.00,      1.00,     83.20,    205.42,     -1.00
     64.00,      3.00,    224.00,    128.00,     11.00,      1.00,     89.63,    205.24,     -1.00
     64.00,      3.00,    240.00,    128.00,     11.00,      1.00,     95.93,    205.91,     -1.00
     64.00,      3.00,    256.00,    128.00,     11.00,      1.00,    104.83,    205.41,    172.64
     64.00,      3.00,    272.00,    128.00,     11.00,      1.00,    110.96,    206.94,     -1.00
     64.00,      3.00,    288.00,    128.00,     11.00,      1.00,    117.04,    207.37,     -1.00
     64.00,      3.00,    304.00,    128.00,     11.00,      1.00,    123.10,    207.34,     -1.00
     64.00,      3.00,    320.00,    128.00,     11.00,      1.00,    129.50,    207.28,     -1.00
     64.00,      3.00,    336.00,    128.00,     11.00,      1.00,    135.15,    236.01,     -1.00
     64.00,      3.00,    352.00,    128.00,     11.00,      1.00,    141.22,    236.33,     -1.00
     64.00,      3.00,    368.00,    128.00,     11.00,      1.00,    147.36,    237.24,     -1.00
     64.00,      3.00,    384.00,    128.00,     11.00,      1.00,    154.00,    236.64,     -1.00
     64.00,      3.00,    400.00,    128.00,     11.00,      1.00,    159.69,    267.75,     -1.00
     64.00,      3.00,    416.00,    128.00,     11.00,      1.00,    166.00,    268.81,     -1.00
     64.00,      3.00,    432.00,    128.00,     11.00,      1.00,    172.42,    268.56,     -1.00
     64.00,      3.00,    448.00,    128.00,     11.00,      1.00,    178.75,    269.08,     -1.00
     64.00,      3.00,    464.00,    128.00,     11.00,      1.00,    185.07,    363.67,     -1.00
     64.00,      3.00,    480.00,    128.00,     11.00,      1.00,    191.45,    362.83,     -1.00
     64.00,      3.00,    496.00,    128.00,     11.00,      1.00,    420.46,    368.21,     -1.00
     64.00,      3.00,    512.00,    128.00,     11.00,      1.00,    423.97,    393.30,     -1.00
     64.00,      3.00,     64.00,    128.00,      1.00,      1.00,     23.13,     34.51,     12.29
     64.00,      3.00,     64.00,    128.00,      2.00,      1.00,     22.69,     35.33,     12.04
     64.00,      3.00,     64.00,    128.00,      3.00,      1.00,     22.08,     35.82,     12.21
     64.00,      3.00,     64.00,    128.00,      4.00,      1.00,     21.97,     39.72,     12.10
     64.00,      3.00,     64.00,    128.00,      5.00,      1.00,     29.30,     43.02,     12.93
     64.00,      3.00,     64.00,    128.00,      6.00,      1.00,     28.87,     51.33,     22.34
     64.00,      3.00,     64.00,    128.00,      7.00,      1.00,     28.94,     54.17,     22.77
     64.00,      3.00,     64.00,    128.00,      8.00,      1.00,     28.66,     55.94,     23.10
     64.00,      3.00,     64.00,    128.00,      9.00,      1.00,     28.03,     65.49,     32.74
     64.00,      3.00,     64.00,    128.00,     10.00,      1.00,     28.11,     74.47,     41.56
     64.00,      3.00,     64.00,    128.00,     11.00,      1.00,     28.10,     80.91,     42.19
     64.00,      3.00,     64.00,    128.00,     12.00,      1.00,     27.88,    151.67,     50.51
     64.00,      3.00,     64.00,    128.00,     13.00,      1.00,     28.28,    159.13,     59.47
     64.00,      3.00,     64.00,    128.00,     14.00,      1.00,     27.83,    161.35,     67.74
     64.00,      3.00,     64.00,    128.00,     15.00,      1.00,     27.78,    161.88,     76.29
     64.00,      3.00,     64.00,    128.00,     16.00,      1.00,     27.52,    162.90,     76.14
     64.00,      3.00,     64.00,    128.00,     17.00,      1.00,     26.56,    160.56,     91.61
     64.00,      3.00,     64.00,    128.00,     18.00,      1.00,     26.71,    183.30,     99.46
     64.00,      3.00,     64.00,    128.00,     19.00,      1.00,     26.66,    182.76,    107.07
     64.00,      3.00,     64.00,    128.00,     20.00,      1.00,     26.48,    184.70,    113.56
     64.00,      3.00,     64.00,    128.00,     21.00,      1.00,     27.06,    183.55,    120.48
     64.00,      3.00,     64.00,    128.00,     22.00,      1.00,     26.85,    207.00,    134.62
     64.00,      3.00,     64.00,    128.00,     23.00,      1.00,     26.82,    207.13,    140.64
     64.00,      3.00,     64.00,    128.00,     24.00,      1.00,     26.72,    211.36,    147.28
     64.00,      3.00,     64.00,    128.00,     25.00,      1.00,     25.84,    205.89,    158.71
     64.00,      3.00,     64.00,    128.00,     26.00,      1.00,     25.80,    234.90,    171.61
     64.00,      3.00,     64.00,    128.00,     27.00,      1.00,     25.78,    235.33,    176.93
     64.00,      3.00,     64.00,    128.00,     28.00,      1.00,     25.55,    219.00,    188.15
     64.00,      3.00,     64.00,    128.00,     29.00,      1.00,     26.29,    235.42,    195.61
     64.00,      3.00,     64.00,    128.00,     30.00,      1.00,     25.90,    241.54,    209.69
     64.00,      3.00,     64.00,    128.00,     31.00,      1.00,     25.91,    314.38,    218.85
     64.00,      3.00,     64.00,    128.00,     32.00,      1.00,     25.85,    319.44,    222.34
     64.00,      3.00,     64.00,    128.00,     33.00,      1.00,     24.40,    313.00,    236.18
     64.00,      3.00,     64.00,    128.00,     34.00,      1.00,     24.59,    332.21,    245.32
     64.00,      3.00,     64.00,    128.00,     35.00,      1.00,     24.49,    341.92,     -1.00
     64.00,      3.00,     64.00,    128.00,     36.00,      1.00,     24.38,    385.83,     -1.00
     64.00,      3.00,     64.00,    128.00,     37.00,      1.00,     25.47,    349.51,     -1.00
     64.00,      3.00,     64.00,    128.00,     38.00,      1.00,     25.37,    384.75,     -1.00
     64.00,      3.00,     64.00,    128.00,     39.00,      1.00,     25.39,    375.90,     -1.00
     64.00,      3.00,     64.00,    128.00,     40.00,      1.00,     25.30,    418.63,     -1.00
     64.00,      3.00,     64.00,    128.00,     41.00,      1.00,     24.60,    364.61,     -1.00
     64.00,      3.00,     64.00,    128.00,     42.00,      1.00,     24.73,    444.26,     -1.00
     64.00,      3.00,     64.00,    128.00,     43.00,      1.00,     24.75,    416.89,     -1.00
     64.00,      3.00,     64.00,    128.00,     44.00,      1.00,     24.58,    525.58,     -1.00
     64.00,      3.00,     64.00,    128.00,     45.00,      1.00,     25.32,    433.97,     -1.00
     64.00,      3.00,     64.00,    128.00,     46.00,      1.00,     25.13,    549.33,     -1.00
     64.00,      3.00,     64.00,    128.00,     47.00,      1.00,     25.12,    514.43,     -1.00
     64.00,      3.00,     64.00,    128.00,     48.00,      1.00,     25.09,    597.89,     -1.00
     64.00,      3.00,     64.00,    128.00,     49.00,      1.00,     23.72,    461.06,     -1.00
     64.00,      3.00,     64.00,    128.00,     50.00,      1.00,     24.17,    614.17,     -1.00
     64.00,      3.00,     64.00,    128.00,     11.00,      1.00,     28.09,     80.84,     42.18
     64.00,      3.00,     64.00,    128.00,     11.00,      2.00,     15.33,     25.13,     11.18
     64.00,      3.00,     64.00,    128.00,     11.00,      3.00,      7.13,     15.85,      5.28
     64.00,      3.00,     64.00,    128.00,     11.00,      4.00,      4.13,     16.97,      3.19
     64.00,      3.00,     64.00,    128.00,     11.00,      5.00,      2.71,     14.63,      2.20
     64.00,      3.00,     64.00,    128.00,     11.00,      6.00,      1.95,     14.29,      1.61
     64.00,      3.00,     64.00,    128.00,     11.00,      7.00,      1.52,     13.20,      1.24
     64.00,      3.00,     64.00,    128.00,     11.00,      8.00,      1.21,     11.58,      1.15
     64.00,      3.00,     64.00,    128.00,     11.00,      9.00,      1.07,     10.52,      0.85
     64.00,      3.00,     64.00,    128.00,     11.00,     10.00,      0.85,      9.58,      0.87
     64.00,      3.00,     64.00,    128.00,     11.00,     11.00,      0.77,      9.66,      0.82
     64.00,      1.00,     64.00,    128.00,     11.00,      1.00,     27.36,     47.97,     25.86
     64.00,      3.00,     64.00,    128.00,     11.00,      1.00,     28.07,     80.90,     42.11
