     32.00,      3.00,     64.00,    128.00,     11.00,      1.00,     11.59,     11.81,     13.36	
     64.00,      3.00,     64.00,    128.00,     11.00,      1.00,     23.30,     21.97,     25.36	
     96.00,      3.00,     64.00,    128.00,     11.00,      1.00,     33.03,     32.43,     37.25	
    128.00,      3.00,     64.00,    128.00,     11.00,      1.00,     44.43,     43.38,     49.62	
    160.00,      3.00,     64.00,    128.00,     11.00,      1.00,     55.74,     53.29,     61.14	
    192.00,      3.00,     64.00,    128.00,     11.00,      1.00,     65.27,     63.83,     73.13	
    224.00,      3.00,     64.00,    128.00,     11.00,      1.00,     76.82,     75.03,     85.85	
    256.00,      3.00,     64.00,    128.00,     11.00,      1.00,     87.67,     84.86,     97.01	
    288.00,      3.00,     64.00,    128.00,     11.00,      1.00,     97.28,     95.30,    108.91	
    320.00,      3.00,     64.00,    128.00,     11.00,      1.00,    108.78,    106.66,    121.90	
    352.00,      3.00,     64.00,    128.00,     11.00,      1.00,    119.51,    116.07,    132.71	
    384.00,      3.00,     64.00,    128.00,     11.00,      1.00,    129.45,    126.67,    144.66	
    416.00,      3.00,     64.00,    128.00,     11.00,      1.00,    140.44,    138.24,    157.88	
    448.00,      3.00,     64.00,    128.00,     11.00,      1.00,    149.80,    147.46,    168.40	
    480.00,      3.00,     64.00,    128.00,     11.00,      1.00,    161.80,    157.89,    180.46	
    512.00,      3.00,     64.00,    128.00,     11.00,      1.00,    179.56,    170.85,    195.12	
nn.SpatialConvolutionMetaHard      :accGradParameters(): FAILED!	
     64.00,      3.00,     64.00,     48.00,     11.00,      1.00,     10.44,      4.09,     -1.00	
     64.00,      3.00,     64.00,     64.00,     11.00,      1.00,     13.78,      4.93,      5.62	
     64.00,      3.00,     64.00,     80.00,     11.00,      1.00,     17.76,      9.66,     10.60	
     64.00,      3.00,     64.00,     96.00,     11.00,      1.00,     12.99,     13.68,     15.53	
     64.00,      3.00,     64.00,    112.00,     11.00,      1.00,     18.24,     18.45,     21.19	
     64.00,      3.00,     64.00,    128.00,     11.00,      1.00,     23.37,     22.28,     25.67	
     64.00,      3.00,     64.00,    144.00,     11.00,      1.00,     31.36,     33.09,     37.62	
     64.00,      3.00,     64.00,    160.00,     11.00,      1.00,     33.49,     33.32,     39.04	
     64.00,      3.00,     64.00,    176.00,     11.00,      1.00,     34.69,     33.08,     39.88	
     64.00,      3.00,     64.00,    192.00,     11.00,      1.00,     36.10,     33.33,     41.60	
     64.00,      3.00,     64.00,    208.00,     11.00,      1.00,     38.22,     33.31,     43.07	
     64.00,      3.00,     64.00,    224.00,     11.00,      1.00,     39.66,     33.06,     44.28	
     64.00,      3.00,     64.00,    240.00,     11.00,      1.00,     42.04,     33.33,     46.40	
     64.00,      3.00,     64.00,    256.00,     11.00,      1.00,     45.00,     33.35,     48.32	
     64.00,      3.00,     32.00,    128.00,     11.00,      1.00,     11.66,     12.10,     14.53	
     64.00,      3.00,     48.00,    128.00,     11.00,      1.00,     18.39,     17.14,     20.23	
     64.00,      3.00,     64.00,    128.00,     11.00,      1.00,     23.31,     21.98,     25.35	
     64.00,      3.00,     80.00,    128.00,     11.00,      1.00,     28.10,     27.40,     31.11	
     64.00,      3.00,     96.00,    128.00,     11.00,      1.00,     33.22,     32.15,     36.35	
     64.00,      3.00,    112.00,    128.00,     11.00,      1.00,     39.31,     37.66,     42.39	
     64.00,      3.00,    128.00,    128.00,     11.00,      1.00,     44.33,     42.80,    834.73	
     64.00,      3.00,    144.00,    128.00,     11.00,      1.00,     50.86,     47.40,     56.67	
     64.00,      3.00,    160.00,    128.00,     11.00,      1.00,     55.99,     52.46,     61.53	
     64.00,      3.00,    176.00,    128.00,     11.00,      1.00,     60.52,     58.28,     67.60	
     64.00,      3.00,    192.00,    128.00,     11.00,      1.00,     65.73,     63.46,     73.02	
     64.00,      3.00,    208.00,    128.00,     11.00,      1.00,     71.96,     68.60,     78.31	
     64.00,      3.00,    224.00,    128.00,     11.00,      1.00,     76.90,     72.92,     82.70	
     64.00,      3.00,    240.00,    128.00,     11.00,      1.00,     83.34,     78.87,     89.17	
     64.00,      3.00,    256.00,    128.00,     11.00,      1.00,     88.59,     83.89,     98.13	
     64.00,      3.00,    272.00,    128.00,     11.00,      1.00,     92.74,     88.14,    102.43	
     64.00,      3.00,    288.00,    128.00,     11.00,      1.00,     98.26,     94.26,    109.36	
     64.00,      3.00,    304.00,    128.00,     11.00,      1.00,    104.20,     98.24,    112.98	
     64.00,      3.00,    320.00,    128.00,     11.00,      1.00,    109.82,    104.42,    119.57	
     64.00,      3.00,    336.00,    128.00,     11.00,      1.00,    115.72,    109.50,    124.85	
     64.00,      3.00,    352.00,    128.00,     11.00,      1.00,    120.78,    113.50,    128.79	
     64.00,      3.00,    368.00,    128.00,     11.00,      1.00,    124.76,    118.66,    137.52	
     64.00,      3.00,    384.00,    128.00,     11.00,      1.00,    131.07,    123.83,    143.37	
     64.00,      3.00,    400.00,    128.00,     11.00,      1.00,    136.28,    128.86,    148.32	
     64.00,      3.00,    416.00,    128.00,     11.00,      1.00,    142.60,    135.90,    155.86	
     64.00,      3.00,    432.00,    128.00,     11.00,      1.00,    146.53,    139.46,    159.52	
     64.00,      3.00,    448.00,    128.00,     11.00,      1.00,    151.80,    144.48,    165.09	
     64.00,      3.00,    464.00,    128.00,     11.00,      1.00,    158.04,    151.48,    172.03	
     64.00,      3.00,    480.00,    128.00,     11.00,      1.00,    163.07,    154.93,    175.87	
     64.00,      3.00,    496.00,    128.00,     11.00,      1.00,    169.82,    161.61,    186.04	
     64.00,      3.00,    512.00,    128.00,     11.00,      1.00,    175.33,    167.45,    192.45	
nn.SpatialConvolutionMetaHard      :accGradParameters(): FAILED!	
     64.00,      3.00,     64.00,    128.00,      8.00,      1.00,     27.89,     21.96,     -1.00	
     64.00,      3.00,     64.00,    128.00,      9.00,      1.00,     32.60,     22.36,     25.63	
     64.00,      3.00,     64.00,    128.00,     10.00,      1.00,     23.52,     22.20,     25.66	
     64.00,      3.00,     64.00,    128.00,     11.00,      1.00,     23.20,     21.95,     25.32	
     64.00,      3.00,     64.00,    128.00,     12.00,      1.00,     23.23,     21.98,     25.29	
     64.00,      3.00,     64.00,    128.00,     13.00,      1.00,     23.02,     22.21,     25.45	
     64.00,      3.00,     64.00,    128.00,     14.00,      1.00,     23.15,     21.97,     25.19	
     64.00,      3.00,     64.00,    128.00,     15.00,      1.00,     22.83,     21.93,     25.09	
     64.00,      3.00,     64.00,    128.00,     16.00,      1.00,     22.91,     22.23,     25.39	
     64.00,      3.00,     64.00,    128.00,     17.00,      1.00,     22.25,     21.96,     24.87	
     64.00,      3.00,     64.00,    128.00,     18.00,      1.00,     22.80,     22.21,     25.20	
     64.00,      3.00,     64.00,    128.00,     19.00,      1.00,     22.83,     21.96,     24.92	
     64.00,      3.00,     64.00,    128.00,     20.00,      1.00,     22.47,     21.98,     24.84	
     64.00,      3.00,     64.00,    128.00,     21.00,      1.00,     22.47,     21.97,     24.76	
     64.00,      3.00,     64.00,    128.00,     22.00,      1.00,     22.51,     21.96,     24.74	
     64.00,      3.00,     64.00,    128.00,     23.00,      1.00,     22.24,     21.99,     24.69	
     64.00,      3.00,     64.00,    128.00,     24.00,      1.00,     22.33,     21.99,     24.60	
     64.00,      3.00,     64.00,    128.00,     25.00,      1.00,     22.14,     21.98,     24.46	
     64.00,      3.00,     64.00,    128.00,     26.00,      1.00,     22.14,     22.17,     24.76	
     64.00,      3.00,     64.00,    128.00,     27.00,      1.00,     22.12,     22.17,     24.72	
     64.00,      3.00,     64.00,    128.00,     28.00,      1.00,     21.91,     21.99,     24.47	
     64.00,      3.00,     64.00,    128.00,     29.00,      1.00,     21.78,     22.00,     24.37	
     64.00,      3.00,     64.00,    128.00,     30.00,      1.00,     21.87,     22.20,     24.57	
     64.00,      3.00,     64.00,    128.00,     31.00,      1.00,     21.85,     21.95,     24.28	
     64.00,      3.00,     64.00,    128.00,     32.00,      1.00,     21.63,     22.18,     24.43	
     64.00,      3.00,     64.00,    128.00,     33.00,      1.00,     20.97,     22.40,     24.14	
     64.00,      3.00,     64.00,    128.00,     34.00,      1.00,     21.55,     22.17,     24.38	
     64.00,      3.00,     64.00,    128.00,     35.00,      1.00,     21.44,     21.95,     24.09	
     64.00,      3.00,     64.00,    128.00,     36.00,      1.00,     21.35,     22.23,     24.28	
     64.00,      3.00,     64.00,    128.00,     37.00,      1.00,     21.22,     22.19,     24.21	
     64.00,      3.00,     64.00,    128.00,     38.00,      1.00,     21.22,     22.17,     24.22	
     64.00,      3.00,     64.00,    128.00,     39.00,      1.00,     21.25,     22.22,     24.19	
     64.00,      3.00,     64.00,    128.00,     40.00,      1.00,     21.02,     21.94,     23.89	
     64.00,      3.00,     64.00,    128.00,     41.00,      1.00,     20.82,     21.75,     24.23	
     64.00,      3.00,     64.00,    128.00,     42.00,      1.00,     21.15,     22.23,     24.08	
     64.00,      3.00,     64.00,    128.00,     43.00,      1.00,     21.10,     22.16,     23.97	
     64.00,      3.00,     64.00,    128.00,     44.00,      1.00,     21.01,     21.98,     23.72	
     64.00,      3.00,     64.00,    128.00,     45.00,      1.00,     20.90,     21.93,     23.63	
     64.00,      3.00,     64.00,    128.00,     46.00,      1.00,     21.08,     22.17,     23.83	
     64.00,      3.00,     64.00,    128.00,     47.00,      1.00,     20.97,     22.24,     23.85	
     64.00,      3.00,     64.00,    128.00,     48.00,      1.00,     20.97,     22.22,     23.85	
     64.00,      3.00,     64.00,    128.00,     49.00,      1.00,     20.63,     21.50,     23.66	
     64.00,      3.00,     64.00,    128.00,     50.00,      1.00,     20.81,     22.13,     23.68	
     64.00,      3.00,     64.00,    128.00,     11.00,      1.00,     23.26,     22.01,     25.34	
     64.00,      3.00,     64.00,    128.00,     11.00,      1.00,     23.29,     21.98,     25.35	
     64.00,     32.00,     64.00,    128.00,     11.00,      1.00,     44.48,     41.48,     44.02	
     64.00,     48.00,     64.00,    128.00,     11.00,      1.00,     57.07,     54.98,     57.37	
     64.00,     64.00,     64.00,    128.00,     11.00,      1.00,     68.05,     66.30,     68.79	
     64.00,     80.00,     64.00,    128.00,     11.00,      1.00,     80.37,     78.55,     80.92	
     64.00,     96.00,     64.00,    128.00,     11.00,      1.00,     92.10,     90.98,     93.80	
     64.00,    112.00,     64.00,    128.00,     11.00,      1.00,    105.16,    103.40,    106.63	
     64.00,    128.00,     64.00,    128.00,     11.00,      1.00,    116.55,    116.06,    118.15	
     64.00,    144.00,     64.00,    128.00,     11.00,      1.00,    128.42,    129.41,    131.94	
     64.00,    160.00,     64.00,    128.00,     11.00,      1.00,    139.06,    139.64,    142.50	
     64.00,    176.00,     64.00,    128.00,     11.00,      1.00,    150.97,    151.83,    153.52	
     64.00,    192.00,     64.00,    128.00,     11.00,      1.00,    163.98,    166.32,    167.17	
     64.00,    208.00,     64.00,    128.00,     11.00,      1.00,    176.06,    172.31,    182.04	
     64.00,    224.00,     64.00,    128.00,     11.00,      1.00,    183.64,    179.97,    190.86	
nn.SpatialConvolutionMetaHard      :accGradParameters(): FAILED!	
     64.00,    240.00,     64.00,    128.00,     11.00,      1.00,    191.11,    203.93,     -1.00	
