     32.00,      3.00,     64.00,    128.00,     11.00,      1.00,      8.73,     12.88,     13.43	
     64.00,      3.00,     64.00,    128.00,     11.00,      1.00,     16.78,     22.13,     25.99	
     96.00,      3.00,     64.00,    128.00,     11.00,      1.00,     24.82,     32.49,     37.26	
    128.00,      3.00,     64.00,    128.00,     11.00,      1.00,     33.00,     44.11,     49.69	
    160.00,      3.00,     64.00,    128.00,     11.00,      1.00,     55.90,     54.01,     61.87	
    192.00,      3.00,     64.00,    128.00,     11.00,      1.00,     65.25,     63.81,     73.05	
    224.00,      3.00,     64.00,    128.00,     11.00,      1.00,     76.86,     74.99,     85.78	
    256.00,      3.00,     64.00,    128.00,     11.00,      1.00,     88.21,     84.43,     96.79	
    288.00,      3.00,     64.00,    128.00,     11.00,      1.00,     97.22,     94.79,    108.57	
     64.00,      3.00,     64.00,     32.00,     11.00,      1.00,      0.64,      1.48,      1.45	
     64.00,      3.00,     64.00,     48.00,     11.00,      1.00,      2.06,      6.03,      4.38	
     64.00,      3.00,     64.00,     64.00,     11.00,      1.00,      2.42,      5.14,      5.73	
     64.00,      3.00,     64.00,     80.00,     11.00,      1.00,      9.18,      9.78,     10.59	
     64.00,      3.00,     64.00,     96.00,     11.00,      1.00,     13.00,     13.69,     15.51	
     64.00,      3.00,     64.00,    112.00,     11.00,      1.00,     15.61,     18.51,     21.23	
     64.00,      3.00,     64.00,    128.00,     11.00,      1.00,     16.86,     22.42,     26.30	
     64.00,      3.00,     64.00,    144.00,     11.00,      1.00,     30.78,     32.75,     37.37	
     64.00,      3.00,     64.00,    160.00,     11.00,      1.00,     32.21,     32.73,     38.43	
     64.00,      3.00,     64.00,    176.00,     11.00,      1.00,     35.01,     33.01,     40.01	
     64.00,      3.00,     64.00,    192.00,     11.00,      1.00,     37.02,     33.00,     41.36	
     64.00,      3.00,     64.00,    208.00,     11.00,      1.00,     38.32,     32.70,     42.45	
     64.00,      3.00,     64.00,    224.00,     11.00,      1.00,     41.03,     32.97,     44.39	
     64.00,      3.00,     64.00,    240.00,     11.00,      1.00,     42.99,     32.99,     46.13	
     64.00,      3.00,     64.00,    256.00,     11.00,      1.00,     44.51,     32.69,     47.53	
     64.00,      3.00,     32.00,    128.00,     11.00,      1.00,      8.90,     11.82,     14.61	
     64.00,      3.00,     64.00,    128.00,     11.00,      1.00,     16.85,     22.38,     26.28	
     64.00,      3.00,     96.00,    128.00,     11.00,      1.00,     24.80,     32.31,     36.58	
     64.00,      3.00,    128.00,    128.00,     11.00,      1.00,     32.62,     42.19,     50.11	
     64.00,      3.00,    192.00,    128.00,     11.00,      1.00,     48.33,     62.56,     71.99	
     64.00,      3.00,     64.00,    128.00,      9.00,      1.00,     16.92,     22.05,     25.42	
     64.00,      3.00,     64.00,    128.00,     10.00,      1.00,     16.80,     21.77,     25.23	
     64.00,      3.00,     64.00,    128.00,     11.00,      1.00,     16.84,     22.30,     26.23	
     64.00,      3.00,     64.00,    128.00,     12.00,      1.00,     16.75,     22.00,     25.38	
     64.00,      3.00,     64.00,    128.00,     13.00,      1.00,     16.68,     21.96,     25.25	
     64.00,      3.00,     64.00,    128.00,     14.00,      1.00,     16.58,     21.76,     25.02	
     64.00,      3.00,     64.00,    128.00,     15.00,      1.00,     16.54,     21.75,     24.95	
     64.00,      3.00,     64.00,    128.00,     16.00,      1.00,     16.37,     21.79,     24.90	
     64.00,      3.00,     64.00,    128.00,     17.00,      1.00,     16.03,     22.02,     24.98	
     64.00,      3.00,     64.00,    128.00,     18.00,      1.00,     16.20,     21.96,     25.03	
     64.00,      3.00,     64.00,    128.00,     19.00,      1.00,     16.14,     22.06,     25.02	
     64.00,      3.00,     64.00,    128.00,     20.00,      1.00,     16.04,     21.78,     24.68	
     64.00,      3.00,     64.00,    128.00,     21.00,      1.00,     15.94,     21.82,     24.60	
     64.00,      3.00,     64.00,    128.00,     22.00,      1.00,     16.00,     22.01,     24.89	
     64.00,      3.00,     64.00,    128.00,     23.00,      1.00,     15.85,     21.77,     24.52	
     64.00,      3.00,     64.00,    128.00,     24.00,      1.00,     15.89,     22.01,     24.74	
     64.00,      3.00,     64.00,    128.00,     25.00,      1.00,     15.57,     21.79,     24.30	
     64.00,      3.00,     64.00,    128.00,     26.00,      1.00,     15.65,     21.82,     25.79	
     64.00,      3.00,     64.00,    128.00,     27.00,      1.00,     15.67,     22.04,     24.61	
     64.00,      3.00,     64.00,    128.00,     28.00,      1.00,     15.54,     21.81,     24.31	
     64.00,      3.00,     64.00,    128.00,     29.00,      1.00,     15.42,     21.82,     24.24	
     64.00,      3.00,     64.00,    128.00,     30.00,      1.00,     15.47,     22.01,     24.44	
     64.00,      3.00,     64.00,    128.00,     31.00,      1.00,     15.41,     21.75,     24.11	
     64.00,      3.00,     64.00,    128.00,     32.00,      1.00,     15.24,     21.91,     24.18	
     64.00,      3.00,     64.00,    128.00,     33.00,      1.00,     15.13,     21.69,     24.55	
     64.00,      3.00,     64.00,    128.00,     34.00,      1.00,     15.14,     22.10,     24.81	
     64.00,      3.00,     64.00,    128.00,     35.00,      1.00,     14.99,     21.85,     24.80	
     64.00,      3.00,     64.00,    128.00,     36.00,      1.00,     14.97,     21.84,     24.43	
     64.00,      3.00,     64.00,    128.00,     37.00,      1.00,     14.94,     22.08,     24.15	
     64.00,      3.00,     64.00,    128.00,     38.00,      1.00,     14.91,     22.08,     24.13	
     64.00,      3.00,     64.00,    128.00,     39.00,      1.00,     14.83,     21.82,     23.81	
     64.00,      3.00,     64.00,    128.00,     40.00,      1.00,     14.75,     21.86,     23.80	
     64.00,      3.00,     64.00,    128.00,     41.00,      1.00,     14.67,     21.61,     24.65	
     64.00,      3.00,     64.00,    128.00,     42.00,      1.00,     14.69,     22.06,     24.85	
     64.00,      3.00,     64.00,    128.00,     43.00,      1.00,     14.65,     22.06,     24.79	
     64.00,      3.00,     64.00,    128.00,     44.00,      1.00,     14.62,     22.08,     24.75	
     64.00,      3.00,     64.00,    128.00,     45.00,      1.00,     14.46,     21.89,     23.55	
     64.00,      3.00,     64.00,    128.00,     46.00,      1.00,     14.44,     21.87,     23.56	
     64.00,      3.00,     64.00,    128.00,     47.00,      1.00,     14.43,     21.86,     23.47	
     64.00,      3.00,     64.00,    128.00,     48.00,      1.00,     14.27,     21.81,     23.43	
     64.00,      3.00,     64.00,    128.00,     49.00,      1.00,     14.08,     21.23,     23.77	
     64.00,      3.00,     64.00,    128.00,     50.00,      1.00,     14.23,     23.80,     23.87	
     64.00,      3.00,     64.00,    128.00,     11.00,      1.00,     16.81,     22.24,     26.07	
