     32.00,      3.00,     64.00,    128.00,     11.00,      1.00,      8.79,     22.12,     29.81
     64.00,      3.00,     64.00,    128.00,     11.00,      1.00,     16.77,     44.23,     38.80
     96.00,      3.00,     64.00,    128.00,     11.00,      1.00,     24.84,     66.38,     89.17
    128.00,      3.00,     64.00,    128.00,     11.00,      1.00,     32.88,     88.43,     48.55
    160.00,      3.00,     64.00,    128.00,     11.00,      1.00,     57.99,    110.68,    148.41
    192.00,      3.00,     64.00,    128.00,     11.00,      1.00,     71.32,    132.83,    116.33
    224.00,      3.00,     64.00,    128.00,     11.00,      1.00,     80.08,    154.89,    207.93
    256.00,      3.00,     64.00,    128.00,     11.00,      1.00,     93.39,    177.18,     96.87
    288.00,      3.00,     64.00,    128.00,     11.00,      1.00,    109.01,    199.33,    267.80
    320.00,      3.00,     64.00,    128.00,     11.00,      1.00,    120.09,    221.52,    194.21
    352.00,      3.00,     64.00,    128.00,     11.00,      1.00,    127.70,    243.59,    327.30
    384.00,      3.00,     64.00,    128.00,     11.00,      1.00,    162.27,    265.71,    146.18
    416.00,      3.00,     64.00,    128.00,     11.00,      1.00,    150.79,    287.52,    386.55
    448.00,      3.00,     64.00,    128.00,     11.00,      1.00,    162.44,    309.95,    271.94
    480.00,      3.00,     64.00,    128.00,     11.00,      1.00,    188.86,    331.88,    446.22
    512.00,      3.00,     64.00,    128.00,     11.00,      1.00,    321.58,    354.59,    195.19
     64.00,      3.00,     64.00,     32.00,     11.00,      1.00,      0.62,      8.70,      1.50
     64.00,      3.00,     64.00,     48.00,     11.00,      1.00,      2.02,     10.40,      4.13
     64.00,      3.00,     64.00,     64.00,     11.00,      1.00,      2.38,     13.82,      8.24
     64.00,      3.00,     64.00,     80.00,     11.00,      1.00,     13.39,     17.63,     13.75
     64.00,      3.00,     64.00,     96.00,     11.00,      1.00,     14.44,     26.44,     20.67
     64.00,      3.00,     64.00,    112.00,     11.00,      1.00,     15.58,     36.61,     29.12
     64.00,      3.00,     64.00,    128.00,     11.00,      1.00,     16.76,     44.25,     38.78
     64.00,      3.00,     64.00,    144.00,     11.00,      1.00,     48.58,     57.24,     50.18
     64.00,      3.00,     64.00,    160.00,     11.00,      1.00,     53.63,     70.35,     62.67
     64.00,      3.00,     64.00,    176.00,     11.00,      1.00,     55.45,     85.20,     76.76
     64.00,      3.00,     64.00,    192.00,     11.00,      1.00,     57.24,    101.07,     92.45
     64.00,      3.00,     64.00,    208.00,     11.00,      1.00,     59.56,    117.93,    109.10
     64.00,      3.00,     64.00,    224.00,     11.00,      1.00,     61.69,    136.52,    127.59
     64.00,      3.00,     64.00,    240.00,     11.00,      1.00,     64.48,    158.82,    147.29
     64.00,      3.00,     64.00,    256.00,     11.00,      1.00,     67.29,    179.89,    168.50
     64.00,      3.00,     32.00,    128.00,     11.00,      1.00,      8.88,     43.36,     20.50
     64.00,      3.00,     48.00,    128.00,     11.00,      1.00,     12.82,     43.91,     -1.00
     64.00,      3.00,     64.00,    128.00,     11.00,      1.00,     16.77,     44.34,     38.89
     64.00,      3.00,     80.00,    128.00,     11.00,      1.00,     20.69,     71.61,     -1.00
     64.00,      3.00,     96.00,    128.00,     11.00,      1.00,     24.69,     71.95,     61.60
     64.00,      3.00,    112.00,    128.00,     11.00,      1.00,     28.61,     72.71,     -1.00
     64.00,      3.00,    128.00,    128.00,     11.00,      1.00,     32.61,     62.29,     77.49
     64.00,      3.00,    144.00,    128.00,     11.00,      1.00,     36.49,     83.59,     -1.00
     64.00,      3.00,    160.00,    128.00,     11.00,      1.00,     40.43,     84.73,     -1.00
     64.00,      3.00,    176.00,    128.00,     11.00,      1.00,     44.38,     85.42,     -1.00
     64.00,      3.00,    192.00,    128.00,     11.00,      1.00,     48.33,     86.78,    116.30
     64.00,      3.00,    208.00,    128.00,     11.00,      1.00,     52.24,    110.83,     -1.00
     64.00,      3.00,    224.00,    128.00,     11.00,      1.00,     56.21,    111.45,     -1.00
     64.00,      3.00,    240.00,    128.00,     11.00,      1.00,     60.14,    112.36,     -1.00
     64.00,      3.00,    256.00,    128.00,     11.00,      1.00,     65.92,    112.86,    154.61
     64.00,      3.00,    272.00,    128.00,     11.00,      1.00,     70.03,    136.35,     -1.00
     64.00,      3.00,    288.00,    128.00,     11.00,      1.00,     74.05,    137.04,     -1.00
     64.00,      3.00,    304.00,    128.00,     11.00,      1.00,     78.02,    137.07,     -1.00
     64.00,      3.00,    320.00,    128.00,     11.00,      1.00,     82.04,    138.12,     -1.00
     64.00,      3.00,    336.00,    128.00,     11.00,      1.00,     86.30,    161.65,     -1.00
     64.00,      3.00,    352.00,    128.00,     11.00,      1.00,     90.15,    162.19,     -1.00
     64.00,      3.00,    368.00,    128.00,     11.00,      1.00,     94.27,    162.16,     -1.00
     64.00,      3.00,    384.00,    128.00,     11.00,      1.00,     98.46,    156.57,     -1.00
     64.00,      3.00,    400.00,    128.00,     11.00,      1.00,    102.37,    180.01,     -1.00
     64.00,      3.00,    416.00,    128.00,     11.00,      1.00,    106.36,    180.49,     -1.00
     64.00,      3.00,    432.00,    128.00,     11.00,      1.00,    110.40,    180.72,     -1.00
     64.00,      3.00,    448.00,    128.00,     11.00,      1.00,    114.56,    181.58,     -1.00
     64.00,      3.00,    464.00,    128.00,     11.00,      1.00,    118.89,    203.82,     -1.00
     64.00,      3.00,    480.00,    128.00,     11.00,      1.00,    122.86,    204.39,     -1.00
     64.00,      3.00,    496.00,    128.00,     11.00,      1.00,    168.61,    204.82,     -1.00
     64.00,      3.00,    512.00,    128.00,     11.00,      1.00,    170.19,    203.91,     -1.00
     64.00,      3.00,     64.00,    128.00,      1.00,      1.00,      7.22,     10.39,      4.95
     64.00,      3.00,     64.00,    128.00,      2.00,      1.00,      7.80,     11.77,      5.02
     64.00,      3.00,     64.00,    128.00,      3.00,      1.00,      9.42,     13.44,      7.27
     64.00,      3.00,     64.00,    128.00,      4.00,      1.00,     11.06,     15.23,      8.67
     64.00,      3.00,     64.00,    128.00,      5.00,      1.00,     14.27,     17.06,     12.19
     64.00,      3.00,     64.00,    128.00,      6.00,      1.00,     17.10,     19.91,     14.68
     64.00,      3.00,     64.00,    128.00,      7.00,      1.00,     17.05,     24.00,     19.24
     64.00,      3.00,     64.00,    128.00,      8.00,      1.00,     17.01,     28.03,     22.75
     64.00,      3.00,     64.00,    128.00,      9.00,      1.00,     16.86,     32.18,     28.20
     64.00,      3.00,     64.00,    128.00,     10.00,      1.00,     16.82,     38.31,     32.59
     64.00,      3.00,     64.00,    128.00,     11.00,      1.00,     16.77,     44.30,     38.82
     64.00,      3.00,     64.00,    128.00,     12.00,      1.00,     16.69,     51.33,     43.99
     64.00,      3.00,     64.00,    128.00,     13.00,      1.00,     16.65,     57.32,     50.92
     64.00,      3.00,     64.00,    128.00,     14.00,      1.00,     16.59,     67.08,     56.86
     64.00,      3.00,     64.00,    128.00,     15.00,      1.00,     16.54,     75.77,     64.45
     64.00,      3.00,     64.00,    128.00,     16.00,      1.00,     16.41,     82.47,     70.88
     64.00,      3.00,     64.00,    128.00,     17.00,      1.00,     15.97,     87.51,     78.62
     64.00,      3.00,     64.00,    128.00,     18.00,      1.00,     16.16,    100.59,     85.71
     64.00,      3.00,     64.00,    128.00,     19.00,      1.00,     16.10,    110.64,     94.11
     64.00,      3.00,     64.00,    128.00,     20.00,      1.00,     16.02,    121.88,    101.41
     64.00,      3.00,     64.00,    128.00,     21.00,      1.00,     15.91,    128.81,    109.98
     64.00,      3.00,     64.00,    128.00,     22.00,      1.00,     15.90,    133.95,    117.91
     64.00,      3.00,     64.00,    128.00,     23.00,      1.00,     15.85,    145.05,    127.19
     64.00,      3.00,     64.00,    128.00,     24.00,      1.00,     15.82,    157.58,    134.51
     64.00,      3.00,     64.00,    128.00,     25.00,      1.00,     15.58,    161.73,    143.59
     64.00,      3.00,     64.00,    128.00,     26.00,      1.00,     15.65,    181.70,    151.56
     64.00,      3.00,     64.00,    128.00,     27.00,      1.00,     15.62,    192.44,    161.11
     64.00,      3.00,     64.00,    128.00,     28.00,      1.00,     15.54,    185.95,    168.59
     64.00,      3.00,     64.00,    128.00,     29.00,      1.00,     15.44,    194.83,    177.80
     64.00,      3.00,     64.00,    128.00,     30.00,      1.00,     15.44,    210.28,    186.05
     64.00,      3.00,     64.00,    128.00,     31.00,      1.00,     15.43,    216.73,    195.82
     64.00,      3.00,     64.00,    128.00,     32.00,      1.00,     15.23,    230.73,    203.48
     64.00,      3.00,     64.00,    128.00,     33.00,      1.00,     15.05,    241.38,    212.35
     64.00,      3.00,     64.00,    128.00,     34.00,      1.00,     15.03,    250.96,    220.74
     64.00,      3.00,     64.00,    128.00,     35.00,      1.00,     14.98,    258.51,    229.04
     64.00,      3.00,     64.00,    128.00,     36.00,      1.00,     14.97,    279.61,    236.98
     64.00,      3.00,     64.00,    128.00,     37.00,      1.00,     14.86,    261.27,    245.24
     64.00,      3.00,     64.00,    128.00,     38.00,      1.00,     14.84,    302.05,    252.73
     64.00,      3.00,     64.00,    128.00,     39.00,      1.00,     14.84,    300.34,    260.30
     64.00,      3.00,     64.00,    128.00,     40.00,      1.00,     14.75,    348.07,    267.78
     64.00,      3.00,     64.00,    128.00,     41.00,      1.00,     14.60,    308.44,    275.45
     64.00,      3.00,     64.00,    128.00,     42.00,      1.00,     14.62,    400.50,    283.39
     64.00,      3.00,     64.00,    128.00,     43.00,      1.00,     14.60,    386.40,    289.57
     64.00,      3.00,     64.00,    128.00,     44.00,      1.00,     14.55,    457.84,    295.66
     64.00,      3.00,     64.00,    128.00,     45.00,      1.00,     14.44,    375.76,    302.50
     64.00,      3.00,     64.00,    128.00,     46.00,      1.00,     14.44,    500.41,    308.54
     64.00,      3.00,     64.00,    128.00,     47.00,      1.00,     14.44,    471.06,    316.25
     64.00,      3.00,     64.00,    128.00,     48.00,      1.00,     14.29,    536.79,    320.37
     64.00,      3.00,     64.00,    128.00,     49.00,      1.00,     14.06,    427.66,    326.94
     64.00,      3.00,     64.00,    128.00,     50.00,      1.00,     14.16,    574.25,    330.37
     64.00,      3.00,     64.00,    128.00,     11.00,      1.00,     16.76,     44.25,     38.83
     64.00,      3.00,     64.00,    128.00,     11.00,      2.00,     10.02,     14.75,     10.14
     64.00,      3.00,     64.00,    128.00,     11.00,      3.00,      4.67,     10.64,      4.60
     64.00,      3.00,     64.00,    128.00,     11.00,      4.00,      2.71,     10.69,      2.82
     64.00,      3.00,     64.00,    128.00,     11.00,      5.00,      1.75,     11.44,      1.89
     64.00,      3.00,     64.00,    128.00,     11.00,      6.00,      1.27,     12.68,      1.34
     64.00,      3.00,     64.00,    128.00,     11.00,      7.00,      0.95,     12.52,      1.04
     64.00,      3.00,     64.00,    128.00,     11.00,      8.00,      0.74,     11.57,      0.84
     64.00,      3.00,     64.00,    128.00,     11.00,      9.00,      0.68,     10.70,      0.71
     64.00,      3.00,     64.00,    128.00,     11.00,     10.00,      0.54,     10.33,      0.56
     64.00,      3.00,     64.00,    128.00,     11.00,     11.00,      0.49,     10.63,      0.51
     64.00,      1.00,     64.00,    128.00,     11.00,      1.00,     15.33,     19.69,     19.04
     64.00,      3.00,     64.00,    128.00,     11.00,      1.00,     16.76,     44.30,     38.85
     64.00,     32.00,     64.00,    128.00,     11.00,      1.00,     40.29,    394.47,    512.78
